android/app/build/intermediates/manifest_merge_blame_file/publicBlankDebug/processPublicBlankDebugMainManifest/manifest-merger-blame-publicBlank-debug-report.txt
1<?xml version="1.0" encoding="utf-8"?>
2<manifest xmlns:android="http://schemas.android.com/apk/res/android"
3    package="com.lornettedaye.speaker"
4    android:versionCode="1"
5    android:versionName="1.0.0" >
6
7    <uses-sdk
8        android:minSdkVersion="26"
9        android:targetSdkVersion="35" />
10
11    <uses-permission android:name="android.permission.INTERNET" />
11-->src\main\AndroidManifest.xml:3:5-67
11-->src\main\AndroidManifest.xml:3:22-64
12
13    <application
13-->src\main\AndroidManifest.xml:5:5-26:19
14        android:allowBackup="true"
14-->src\main\AndroidManifest.xml:6:9-35
15        android:debuggable="true"
16        android:extractNativeLibs="false"
17        android:label="@string/app_name"
17-->src\main\AndroidManifest.xml:7:9-41
18        android:networkSecurityConfig="@xml/network_security_config"
18-->src\main\AndroidManifest.xml:8:9-69
19        android:supportsRtl="true"
19-->src\main\AndroidManifest.xml:9:9-35
20        android:theme="@style/AppTheme" >
20-->src\main\AndroidManifest.xml:10:9-40
21        <activity
21-->src\main\AndroidManifest.xml:11:9-19:20
22            android:name="com.lornettedaye.speaker.MainActivity"
22-->src\main\AndroidManifest.xml:12:13-41
23            android:configChanges="keyboard|keyboardHidden|orientation|screenSize"
23-->src\main\AndroidManifest.xml:13:13-83
24            android:exported="true" >
24-->src\main\AndroidManifest.xml:14:13-36
25            <intent-filter>
25-->src\main\AndroidManifest.xml:15:13-18:29
26                <action android:name="android.intent.action.MAIN" />
26-->src\main\AndroidManifest.xml:16:17-69
26-->src\main\AndroidManifest.xml:16:25-66
27
28                <category android:name="android.intent.category.LAUNCHER" />
28-->src\main\AndroidManifest.xml:17:17-77
28-->src\main\AndroidManifest.xml:17:27-74
29            </intent-filter>
30        </activity>
31
32        <provider
33            android:name="com.lornettedaye.speaker.CacheFileProvider"
33-->src\main\AndroidManifest.xml:22:13-46
34            android:authorities="com.lornettedaye.speaker.cachefiles"
34-->src\main\AndroidManifest.xml:23:13-62
35            android:exported="false"
35-->src\main\AndroidManifest.xml:24:13-37
36            android:grantUriPermissions="true" />
36-->src\main\AndroidManifest.xml:25:13-47
37    </application>
38
39</manifest>